OXO Game Client Started: 2020-05-31 21:33:07.441530
Connected To Server: localhost
Connected To Server: localhost
Received Message: new game,O
Received Message: new game,X
Received Message: your move
Received Message: opponents move
Sent Message: 0
Received Message: valid move,O,0
Received Message: valid move,O,0
Received Message: your move
Received Message: opponents move
Sent Message: 6
Received Message: valid move,X,6
Received Message: valid move,X,6
Received Message: your move
Received Message: opponents move
Sent Message: 1
Received Message: valid move,O,1
Received Message: valid move,O,1
Received Message: your move
Received Message: opponents move
Sent Message: 7
Received Message: valid move,X,7
Received Message: valid move,X,7
Received Message: your move
Received Message: opponents move
Sent Message: 2
Received Message: valid move,O,2
Received Message: valid move,O,2
Received Message: game over,O
Received Message: game over,O
Received Message: play again
Received Message: play again
Sent Message: y
Sent Message: n
